<?xml version="1.0" encoding="UTF-8"?>
<testsuite xmlns:xsi="http://www.w3.org/2001/XMLSchema-instance" xsi:noNamespaceSchemaLocation="https://maven.apache.org/surefire/maven-surefire-plugin/xsd/surefire-test-report.xsd" name="com.watermelon.myblog.MyblogApplicationTests" time="15.751" tests="1" errors="0" skipped="0" failures="0">
  <properties>
    <property name="sun.desktop" value="windows"/>
    <property name="awt.toolkit" value="sun.awt.windows.WToolkit"/>
    <property name="file.encoding.pkg" value="sun.io"/>
    <property name="java.specification.version" value="1.8"/>
    <property name="sun.cpu.isalist" value="amd64"/>
    <property name="sun.jnu.encoding" value="GBK"/>
    <property name="java.class.path" value="D:\Programs\MyBlog\myblog\target\test-classes;D:\Programs\MyBlog\myblog\target\classes;D:\DevelopeKit_Java\Maven\Repository\org\springframework\boot\spring-boot-starter-aop\2.2.2.RELEASE\spring-boot-starter-aop-2.2.2.RELEASE.jar;D:\DevelopeKit_Java\Maven\Repository\org\springframework\boot\spring-boot-starter\2.2.2.RELEASE\spring-boot-starter-2.2.2.RELEASE.jar;D:\DevelopeKit_Java\Maven\Repository\org\springframework\boot\spring-boot-starter-logging\2.2.2.RELEASE\spring-boot-starter-logging-2.2.2.RELEASE.jar;D:\DevelopeKit_Java\Maven\Repository\ch\qos\logback\logback-classic\1.2.3\logback-classic-1.2.3.jar;D:\DevelopeKit_Java\Maven\Repository\ch\qos\logback\logback-core\1.2.3\logback-core-1.2.3.jar;D:\DevelopeKit_Java\Maven\Repository\org\apache\logging\log4j\log4j-to-slf4j\2.12.1\log4j-to-slf4j-2.12.1.jar;D:\DevelopeKit_Java\Maven\Repository\org\apache\logging\log4j\log4j-api\2.12.1\log4j-api-2.12.1.jar;D:\DevelopeKit_Java\Maven\Repository\org\slf4j\jul-to-slf4j\1.7.29\jul-to-slf4j-1.7.29.jar;D:\DevelopeKit_Java\Maven\Repository\org\yaml\snakeyaml\1.25\snakeyaml-1.25.jar;D:\DevelopeKit_Java\Maven\Repository\org\springframework\spring-aop\5.2.2.RELEASE\spring-aop-5.2.2.RELEASE.jar;D:\DevelopeKit_Java\Maven\Repository\org\springframework\spring-beans\5.2.2.RELEASE\spring-beans-5.2.2.RELEASE.jar;D:\DevelopeKit_Java\Maven\Repository\org\aspectj\aspectjweaver\1.9.5\aspectjweaver-1.9.5.jar;D:\DevelopeKit_Java\Maven\Repository\org\springframework\boot\spring-boot-starter-data-jpa\2.2.2.RELEASE\spring-boot-starter-data-jpa-2.2.2.RELEASE.jar;D:\DevelopeKit_Java\Maven\Repository\org\springframework\boot\spring-boot-starter-jdbc\2.2.2.RELEASE\spring-boot-starter-jdbc-2.2.2.RELEASE.jar;D:\DevelopeKit_Java\Maven\Repository\com\zaxxer\HikariCP\3.4.1\HikariCP-3.4.1.jar;D:\DevelopeKit_Java\Maven\Repository\org\springframework\spring-jdbc\5.2.2.RELEASE\spring-jdbc-5.2.2.RELEASE.jar;D:\DevelopeKit_Java\Maven\Repository\jakarta\activation\jakarta.activation-api\1.2.1\jakarta.activation-api-1.2.1.jar;D:\DevelopeKit_Java\Maven\Repository\jakarta\persistence\jakarta.persistence-api\2.2.3\jakarta.persistence-api-2.2.3.jar;D:\DevelopeKit_Java\Maven\Repository\jakarta\transaction\jakarta.transaction-api\1.3.3\jakarta.transaction-api-1.3.3.jar;D:\DevelopeKit_Java\Maven\Repository\org\hibernate\hibernate-core\5.4.9.Final\hibernate-core-5.4.9.Final.jar;D:\DevelopeKit_Java\Maven\Repository\org\jboss\logging\jboss-logging\3.4.1.Final\jboss-logging-3.4.1.Final.jar;D:\DevelopeKit_Java\Maven\Repository\org\javassist\javassist\3.24.0-GA\javassist-3.24.0-GA.jar;D:\DevelopeKit_Java\Maven\Repository\net\bytebuddy\byte-buddy\1.10.4\byte-buddy-1.10.4.jar;D:\DevelopeKit_Java\Maven\Repository\antlr\antlr\2.7.7\antlr-2.7.7.jar;D:\DevelopeKit_Java\Maven\Repository\org\jboss\jandex\2.1.1.Final\jandex-2.1.1.Final.jar;D:\DevelopeKit_Java\Maven\Repository\com\fasterxml\classmate\1.5.1\classmate-1.5.1.jar;D:\DevelopeKit_Java\Maven\Repository\org\dom4j\dom4j\2.1.1\dom4j-2.1.1.jar;D:\DevelopeKit_Java\Maven\Repository\org\hibernate\common\hibernate-commons-annotations\5.1.0.Final\hibernate-commons-annotations-5.1.0.Final.jar;D:\DevelopeKit_Java\Maven\Repository\org\glassfish\jaxb\jaxb-runtime\2.3.2\jaxb-runtime-2.3.2.jar;D:\DevelopeKit_Java\Maven\Repository\org\glassfish\jaxb\txw2\2.3.2\txw2-2.3.2.jar;D:\DevelopeKit_Java\Maven\Repository\com\sun\istack\istack-commons-runtime\3.0.8\istack-commons-runtime-3.0.8.jar;D:\DevelopeKit_Java\Maven\Repository\org\jvnet\staxex\stax-ex\1.8.1\stax-ex-1.8.1.jar;D:\DevelopeKit_Java\Maven\Repository\com\sun\xml\fastinfoset\FastInfoset\1.2.16\FastInfoset-1.2.16.jar;D:\DevelopeKit_Java\Maven\Repository\org\springframework\data\spring-data-jpa\2.2.3.RELEASE\spring-data-jpa-2.2.3.RELEASE.jar;D:\DevelopeKit_Java\Maven\Repository\org\springframework\data\spring-data-commons\2.2.3.RELEASE\spring-data-commons-2.2.3.RELEASE.jar;D:\DevelopeKit_Java\Maven\Repository\org\springframework\spring-orm\5.2.2.RELEASE\spring-orm-5.2.2.RELEASE.jar;D:\DevelopeKit_Java\Maven\Repository\org\springframework\spring-context\5.2.2.RELEASE\spring-context-5.2.2.RELEASE.jar;D:\DevelopeKit_Java\Maven\Repository\org\springframework\spring-tx\5.2.2.RELEASE\spring-tx-5.2.2.RELEASE.jar;D:\DevelopeKit_Java\Maven\Repository\org\slf4j\slf4j-api\1.7.29\slf4j-api-1.7.29.jar;D:\DevelopeKit_Java\Maven\Repository\org\springframework\spring-aspects\5.2.2.RELEASE\spring-aspects-5.2.2.RELEASE.jar;D:\DevelopeKit_Java\Maven\Repository\org\springframework\boot\spring-boot-starter-thymeleaf\2.2.2.RELEASE\spring-boot-starter-thymeleaf-2.2.2.RELEASE.jar;D:\DevelopeKit_Java\Maven\Repository\org\thymeleaf\thymeleaf-spring5\3.0.11.RELEASE\thymeleaf-spring5-3.0.11.RELEASE.jar;D:\DevelopeKit_Java\Maven\Repository\org\thymeleaf\thymeleaf\3.0.11.RELEASE\thymeleaf-3.0.11.RELEASE.jar;D:\DevelopeKit_Java\Maven\Repository\org\attoparser\attoparser\2.0.5.RELEASE\attoparser-2.0.5.RELEASE.jar;D:\DevelopeKit_Java\Maven\Repository\org\unbescape\unbescape\1.1.6.RELEASE\unbescape-1.1.6.RELEASE.jar;D:\DevelopeKit_Java\Maven\Repository\org\thymeleaf\extras\thymeleaf-extras-java8time\3.0.4.RELEASE\thymeleaf-extras-java8time-3.0.4.RELEASE.jar;D:\DevelopeKit_Java\Maven\Repository\org\springframework\boot\spring-boot-starter-web\2.2.2.RELEASE\spring-boot-starter-web-2.2.2.RELEASE.jar;D:\DevelopeKit_Java\Maven\Repository\org\springframework\boot\spring-boot-starter-json\2.2.2.RELEASE\spring-boot-starter-json-2.2.2.RELEASE.jar;D:\DevelopeKit_Java\Maven\Repository\com\fasterxml\jackson\core\jackson-databind\2.10.1\jackson-databind-2.10.1.jar;D:\DevelopeKit_Java\Maven\Repository\com\fasterxml\jackson\core\jackson-annotations\2.10.1\jackson-annotations-2.10.1.jar;D:\DevelopeKit_Java\Maven\Repository\com\fasterxml\jackson\core\jackson-core\2.10.1\jackson-core-2.10.1.jar;D:\DevelopeKit_Java\Maven\Repository\com\fasterxml\jackson\datatype\jackson-datatype-jdk8\2.10.1\jackson-datatype-jdk8-2.10.1.jar;D:\DevelopeKit_Java\Maven\Repository\com\fasterxml\jackson\datatype\jackson-datatype-jsr310\2.10.1\jackson-datatype-jsr310-2.10.1.jar;D:\DevelopeKit_Java\Maven\Repository\com\fasterxml\jackson\module\jackson-module-parameter-names\2.10.1\jackson-module-parameter-names-2.10.1.jar;D:\DevelopeKit_Java\Maven\Repository\org\springframework\boot\spring-boot-starter-validation\2.2.2.RELEASE\spring-boot-starter-validation-2.2.2.RELEASE.jar;D:\DevelopeKit_Java\Maven\Repository\jakarta\validation\jakarta.validation-api\2.0.1\jakarta.validation-api-2.0.1.jar;D:\DevelopeKit_Java\Maven\Repository\org\hibernate\validator\hibernate-validator\6.0.18.Final\hibernate-validator-6.0.18.Final.jar;D:\DevelopeKit_Java\Maven\Repository\org\springframework\spring-web\5.2.2.RELEASE\spring-web-5.2.2.RELEASE.jar;D:\DevelopeKit_Java\Maven\Repository\org\springframework\spring-webmvc\5.2.2.RELEASE\spring-webmvc-5.2.2.RELEASE.jar;D:\DevelopeKit_Java\Maven\Repository\org\springframework\spring-expression\5.2.2.RELEASE\spring-expression-5.2.2.RELEASE.jar;D:\DevelopeKit_Java\Maven\Repository\org\springframework\boot\spring-boot-starter-tomcat\2.2.2.RELEASE\spring-boot-starter-tomcat-2.2.2.RELEASE.jar;D:\DevelopeKit_Java\Maven\Repository\jakarta\annotation\jakarta.annotation-api\1.3.5\jakarta.annotation-api-1.3.5.jar;D:\DevelopeKit_Java\Maven\Repository\org\apache\tomcat\embed\tomcat-embed-core\9.0.29\tomcat-embed-core-9.0.29.jar;D:\DevelopeKit_Java\Maven\Repository\org\apache\tomcat\embed\tomcat-embed-el\9.0.29\tomcat-embed-el-9.0.29.jar;D:\DevelopeKit_Java\Maven\Repository\org\apache\tomcat\embed\tomcat-embed-websocket\9.0.29\tomcat-embed-websocket-9.0.29.jar;D:\DevelopeKit_Java\Maven\Repository\org\springframework\boot\spring-boot-devtools\2.2.2.RELEASE\spring-boot-devtools-2.2.2.RELEASE.jar;D:\DevelopeKit_Java\Maven\Repository\org\springframework\boot\spring-boot\2.2.2.RELEASE\spring-boot-2.2.2.RELEASE.jar;D:\DevelopeKit_Java\Maven\Repository\org\springframework\boot\spring-boot-autoconfigure\2.2.2.RELEASE\spring-boot-autoconfigure-2.2.2.RELEASE.jar;D:\DevelopeKit_Java\Maven\Repository\mysql\mysql-connector-java\8.0.18\mysql-connector-java-8.0.18.jar;D:\DevelopeKit_Java\Maven\Repository\org\springframework\boot\spring-boot-configuration-processor\2.2.2.RELEASE\spring-boot-configuration-processor-2.2.2.RELEASE.jar;D:\DevelopeKit_Java\Maven\Repository\org\springframework\boot\spring-boot-starter-test\2.2.2.RELEASE\spring-boot-starter-test-2.2.2.RELEASE.jar;D:\DevelopeKit_Java\Maven\Repository\org\springframework\boot\spring-boot-test\2.2.2.RELEASE\spring-boot-test-2.2.2.RELEASE.jar;D:\DevelopeKit_Java\Maven\Repository\org\springframework\boot\spring-boot-test-autoconfigure\2.2.2.RELEASE\spring-boot-test-autoconfigure-2.2.2.RELEASE.jar;D:\DevelopeKit_Java\Maven\Repository\com\jayway\jsonpath\json-path\2.4.0\json-path-2.4.0.jar;D:\DevelopeKit_Java\Maven\Repository\net\minidev\json-smart\2.3\json-smart-2.3.jar;D:\DevelopeKit_Java\Maven\Repository\net\minidev\accessors-smart\1.2\accessors-smart-1.2.jar;D:\DevelopeKit_Java\Maven\Repository\org\ow2\asm\asm\5.0.4\asm-5.0.4.jar;D:\DevelopeKit_Java\Maven\Repository\jakarta\xml\bind\jakarta.xml.bind-api\2.3.2\jakarta.xml.bind-api-2.3.2.jar;D:\DevelopeKit_Java\Maven\Repository\org\junit\jupiter\junit-jupiter\5.5.2\junit-jupiter-5.5.2.jar;D:\DevelopeKit_Java\Maven\Repository\org\junit\jupiter\junit-jupiter-api\5.5.2\junit-jupiter-api-5.5.2.jar;D:\DevelopeKit_Java\Maven\Repository\org\apiguardian\apiguardian-api\1.1.0\apiguardian-api-1.1.0.jar;D:\DevelopeKit_Java\Maven\Repository\org\opentest4j\opentest4j\1.2.0\opentest4j-1.2.0.jar;D:\DevelopeKit_Java\Maven\Repository\org\junit\platform\junit-platform-commons\1.5.2\junit-platform-commons-1.5.2.jar;D:\DevelopeKit_Java\Maven\Repository\org\junit\jupiter\junit-jupiter-params\5.5.2\junit-jupiter-params-5.5.2.jar;D:\DevelopeKit_Java\Maven\Repository\org\junit\jupiter\junit-jupiter-engine\5.5.2\junit-jupiter-engine-5.5.2.jar;D:\DevelopeKit_Java\Maven\Repository\org\junit\platform\junit-platform-engine\1.5.2\junit-platform-engine-1.5.2.jar;D:\DevelopeKit_Java\Maven\Repository\org\mockito\mockito-junit-jupiter\3.1.0\mockito-junit-jupiter-3.1.0.jar;D:\DevelopeKit_Java\Maven\Repository\org\assertj\assertj-core\3.13.2\assertj-core-3.13.2.jar;D:\DevelopeKit_Java\Maven\Repository\org\hamcrest\hamcrest\2.1\hamcrest-2.1.jar;D:\DevelopeKit_Java\Maven\Repository\org\mockito\mockito-core\3.1.0\mockito-core-3.1.0.jar;D:\DevelopeKit_Java\Maven\Repository\net\bytebuddy\byte-buddy-agent\1.10.4\byte-buddy-agent-1.10.4.jar;D:\DevelopeKit_Java\Maven\Repository\org\objenesis\objenesis\2.6\objenesis-2.6.jar;D:\DevelopeKit_Java\Maven\Repository\org\skyscreamer\jsonassert\1.5.0\jsonassert-1.5.0.jar;D:\DevelopeKit_Java\Maven\Repository\com\vaadin\external\google\android-json\0.0.20131108.vaadin1\android-json-0.0.20131108.vaadin1.jar;D:\DevelopeKit_Java\Maven\Repository\org\springframework\spring-core\5.2.2.RELEASE\spring-core-5.2.2.RELEASE.jar;D:\DevelopeKit_Java\Maven\Repository\org\springframework\spring-jcl\5.2.2.RELEASE\spring-jcl-5.2.2.RELEASE.jar;D:\DevelopeKit_Java\Maven\Repository\org\springframework\spring-test\5.2.2.RELEASE\spring-test-5.2.2.RELEASE.jar;D:\DevelopeKit_Java\Maven\Repository\org\xmlunit\xmlunit-core\2.6.3\xmlunit-core-2.6.3.jar;D:\DevelopeKit_Java\Maven\Repository\com\atlassian\commonmark\commonmark\0.14.0\commonmark-0.14.0.jar;D:\DevelopeKit_Java\Maven\Repository\com\atlassian\commonmark\commonmark-ext-heading-anchor\0.14.0\commonmark-ext-heading-anchor-0.14.0.jar;D:\DevelopeKit_Java\Maven\Repository\com\atlassian\commonmark\commonmark-ext-gfm-tables\0.14.0\commonmark-ext-gfm-tables-0.14.0.jar;"/>
    <property name="java.vm.vendor" value="Oracle Corporation"/>
    <property name="sun.arch.data.model" value="64"/>
    <property name="user.variant" value=""/>
    <property name="java.vendor.url" value="http://java.oracle.com/"/>
    <property name="user.timezone" value="Asia/Shanghai"/>
    <property name="java.vm.specification.version" value="1.8"/>
    <property name="os.name" value="Windows 10"/>
    <property name="user.country" value="CN"/>
    <property name="sun.java.launcher" value="SUN_STANDARD"/>
    <property name="sun.boot.library.path" value="C:\Program Files\Java\jdk1.8.0_231\jre\bin"/>
    <property name="sun.java.command" value="C:\Users\WATERM~1\AppData\Local\Temp\surefire7273722324420036152\surefirebooter5845843619555485181.jar C:\Users\Watermelon\AppData\Local\Temp\surefire7273722324420036152 2020-02-23T21-02-01_815-jvmRun1 surefire3854120835640210977tmp surefire_0960235437853469198tmp"/>
    <property name="surefire.test.class.path" value="D:\Programs\MyBlog\myblog\target\test-classes;D:\Programs\MyBlog\myblog\target\classes;D:\DevelopeKit_Java\Maven\Repository\org\springframework\boot\spring-boot-starter-aop\2.2.2.RELEASE\spring-boot-starter-aop-2.2.2.RELEASE.jar;D:\DevelopeKit_Java\Maven\Repository\org\springframework\boot\spring-boot-starter\2.2.2.RELEASE\spring-boot-starter-2.2.2.RELEASE.jar;D:\DevelopeKit_Java\Maven\Repository\org\springframework\boot\spring-boot-starter-logging\2.2.2.RELEASE\spring-boot-starter-logging-2.2.2.RELEASE.jar;D:\DevelopeKit_Java\Maven\Repository\ch\qos\logback\logback-classic\1.2.3\logback-classic-1.2.3.jar;D:\DevelopeKit_Java\Maven\Repository\ch\qos\logback\logback-core\1.2.3\logback-core-1.2.3.jar;D:\DevelopeKit_Java\Maven\Repository\org\apache\logging\log4j\log4j-to-slf4j\2.12.1\log4j-to-slf4j-2.12.1.jar;D:\DevelopeKit_Java\Maven\Repository\org\apache\logging\log4j\log4j-api\2.12.1\log4j-api-2.12.1.jar;D:\DevelopeKit_Java\Maven\Repository\org\slf4j\jul-to-slf4j\1.7.29\jul-to-slf4j-1.7.29.jar;D:\DevelopeKit_Java\Maven\Repository\org\yaml\snakeyaml\1.25\snakeyaml-1.25.jar;D:\DevelopeKit_Java\Maven\Repository\org\springframework\spring-aop\5.2.2.RELEASE\spring-aop-5.2.2.RELEASE.jar;D:\DevelopeKit_Java\Maven\Repository\org\springframework\spring-beans\5.2.2.RELEASE\spring-beans-5.2.2.RELEASE.jar;D:\DevelopeKit_Java\Maven\Repository\org\aspectj\aspectjweaver\1.9.5\aspectjweaver-1.9.5.jar;D:\DevelopeKit_Java\Maven\Repository\org\springframework\boot\spring-boot-starter-data-jpa\2.2.2.RELEASE\spring-boot-starter-data-jpa-2.2.2.RELEASE.jar;D:\DevelopeKit_Java\Maven\Repository\org\springframework\boot\spring-boot-starter-jdbc\2.2.2.RELEASE\spring-boot-starter-jdbc-2.2.2.RELEASE.jar;D:\DevelopeKit_Java\Maven\Repository\com\zaxxer\HikariCP\3.4.1\HikariCP-3.4.1.jar;D:\DevelopeKit_Java\Maven\Repository\org\springframework\spring-jdbc\5.2.2.RELEASE\spring-jdbc-5.2.2.RELEASE.jar;D:\DevelopeKit_Java\Maven\Repository\jakarta\activation\jakarta.activation-api\1.2.1\jakarta.activation-api-1.2.1.jar;D:\DevelopeKit_Java\Maven\Repository\jakarta\persistence\jakarta.persistence-api\2.2.3\jakarta.persistence-api-2.2.3.jar;D:\DevelopeKit_Java\Maven\Repository\jakarta\transaction\jakarta.transaction-api\1.3.3\jakarta.transaction-api-1.3.3.jar;D:\DevelopeKit_Java\Maven\Repository\org\hibernate\hibernate-core\5.4.9.Final\hibernate-core-5.4.9.Final.jar;D:\DevelopeKit_Java\Maven\Repository\org\jboss\logging\jboss-logging\3.4.1.Final\jboss-logging-3.4.1.Final.jar;D:\DevelopeKit_Java\Maven\Repository\org\javassist\javassist\3.24.0-GA\javassist-3.24.0-GA.jar;D:\DevelopeKit_Java\Maven\Repository\net\bytebuddy\byte-buddy\1.10.4\byte-buddy-1.10.4.jar;D:\DevelopeKit_Java\Maven\Repository\antlr\antlr\2.7.7\antlr-2.7.7.jar;D:\DevelopeKit_Java\Maven\Repository\org\jboss\jandex\2.1.1.Final\jandex-2.1.1.Final.jar;D:\DevelopeKit_Java\Maven\Repository\com\fasterxml\classmate\1.5.1\classmate-1.5.1.jar;D:\DevelopeKit_Java\Maven\Repository\org\dom4j\dom4j\2.1.1\dom4j-2.1.1.jar;D:\DevelopeKit_Java\Maven\Repository\org\hibernate\common\hibernate-commons-annotations\5.1.0.Final\hibernate-commons-annotations-5.1.0.Final.jar;D:\DevelopeKit_Java\Maven\Repository\org\glassfish\jaxb\jaxb-runtime\2.3.2\jaxb-runtime-2.3.2.jar;D:\DevelopeKit_Java\Maven\Repository\org\glassfish\jaxb\txw2\2.3.2\txw2-2.3.2.jar;D:\DevelopeKit_Java\Maven\Repository\com\sun\istack\istack-commons-runtime\3.0.8\istack-commons-runtime-3.0.8.jar;D:\DevelopeKit_Java\Maven\Repository\org\jvnet\staxex\stax-ex\1.8.1\stax-ex-1.8.1.jar;D:\DevelopeKit_Java\Maven\Repository\com\sun\xml\fastinfoset\FastInfoset\1.2.16\FastInfoset-1.2.16.jar;D:\DevelopeKit_Java\Maven\Repository\org\springframework\data\spring-data-jpa\2.2.3.RELEASE\spring-data-jpa-2.2.3.RELEASE.jar;D:\DevelopeKit_Java\Maven\Repository\org\springframework\data\spring-data-commons\2.2.3.RELEASE\spring-data-commons-2.2.3.RELEASE.jar;D:\DevelopeKit_Java\Maven\Repository\org\springframework\spring-orm\5.2.2.RELEASE\spring-orm-5.2.2.RELEASE.jar;D:\DevelopeKit_Java\Maven\Repository\org\springframework\spring-context\5.2.2.RELEASE\spring-context-5.2.2.RELEASE.jar;D:\DevelopeKit_Java\Maven\Repository\org\springframework\spring-tx\5.2.2.RELEASE\spring-tx-5.2.2.RELEASE.jar;D:\DevelopeKit_Java\Maven\Repository\org\slf4j\slf4j-api\1.7.29\slf4j-api-1.7.29.jar;D:\DevelopeKit_Java\Maven\Repository\org\springframework\spring-aspects\5.2.2.RELEASE\spring-aspects-5.2.2.RELEASE.jar;D:\DevelopeKit_Java\Maven\Repository\org\springframework\boot\spring-boot-starter-thymeleaf\2.2.2.RELEASE\spring-boot-starter-thymeleaf-2.2.2.RELEASE.jar;D:\DevelopeKit_Java\Maven\Repository\org\thymeleaf\thymeleaf-spring5\3.0.11.RELEASE\thymeleaf-spring5-3.0.11.RELEASE.jar;D:\DevelopeKit_Java\Maven\Repository\org\thymeleaf\thymeleaf\3.0.11.RELEASE\thymeleaf-3.0.11.RELEASE.jar;D:\DevelopeKit_Java\Maven\Repository\org\attoparser\attoparser\2.0.5.RELEASE\attoparser-2.0.5.RELEASE.jar;D:\DevelopeKit_Java\Maven\Repository\org\unbescape\unbescape\1.1.6.RELEASE\unbescape-1.1.6.RELEASE.jar;D:\DevelopeKit_Java\Maven\Repository\org\thymeleaf\extras\thymeleaf-extras-java8time\3.0.4.RELEASE\thymeleaf-extras-java8time-3.0.4.RELEASE.jar;D:\DevelopeKit_Java\Maven\Repository\org\springframework\boot\spring-boot-starter-web\2.2.2.RELEASE\spring-boot-starter-web-2.2.2.RELEASE.jar;D:\DevelopeKit_Java\Maven\Repository\org\springframework\boot\spring-boot-starter-json\2.2.2.RELEASE\spring-boot-starter-json-2.2.2.RELEASE.jar;D:\DevelopeKit_Java\Maven\Repository\com\fasterxml\jackson\core\jackson-databind\2.10.1\jackson-databind-2.10.1.jar;D:\DevelopeKit_Java\Maven\Repository\com\fasterxml\jackson\core\jackson-annotations\2.10.1\jackson-annotations-2.10.1.jar;D:\DevelopeKit_Java\Maven\Repository\com\fasterxml\jackson\core\jackson-core\2.10.1\jackson-core-2.10.1.jar;D:\DevelopeKit_Java\Maven\Repository\com\fasterxml\jackson\datatype\jackson-datatype-jdk8\2.10.1\jackson-datatype-jdk8-2.10.1.jar;D:\DevelopeKit_Java\Maven\Repository\com\fasterxml\jackson\datatype\jackson-datatype-jsr310\2.10.1\jackson-datatype-jsr310-2.10.1.jar;D:\DevelopeKit_Java\Maven\Repository\com\fasterxml\jackson\module\jackson-module-parameter-names\2.10.1\jackson-module-parameter-names-2.10.1.jar;D:\DevelopeKit_Java\Maven\Repository\org\springframework\boot\spring-boot-starter-validation\2.2.2.RELEASE\spring-boot-starter-validation-2.2.2.RELEASE.jar;D:\DevelopeKit_Java\Maven\Repository\jakarta\validation\jakarta.validation-api\2.0.1\jakarta.validation-api-2.0.1.jar;D:\DevelopeKit_Java\Maven\Repository\org\hibernate\validator\hibernate-validator\6.0.18.Final\hibernate-validator-6.0.18.Final.jar;D:\DevelopeKit_Java\Maven\Repository\org\springframework\spring-web\5.2.2.RELEASE\spring-web-5.2.2.RELEASE.jar;D:\DevelopeKit_Java\Maven\Repository\org\springframework\spring-webmvc\5.2.2.RELEASE\spring-webmvc-5.2.2.RELEASE.jar;D:\DevelopeKit_Java\Maven\Repository\org\springframework\spring-expression\5.2.2.RELEASE\spring-expression-5.2.2.RELEASE.jar;D:\DevelopeKit_Java\Maven\Repository\org\springframework\boot\spring-boot-starter-tomcat\2.2.2.RELEASE\spring-boot-starter-tomcat-2.2.2.RELEASE.jar;D:\DevelopeKit_Java\Maven\Repository\jakarta\annotation\jakarta.annotation-api\1.3.5\jakarta.annotation-api-1.3.5.jar;D:\DevelopeKit_Java\Maven\Repository\org\apache\tomcat\embed\tomcat-embed-core\9.0.29\tomcat-embed-core-9.0.29.jar;D:\DevelopeKit_Java\Maven\Repository\org\apache\tomcat\embed\tomcat-embed-el\9.0.29\tomcat-embed-el-9.0.29.jar;D:\DevelopeKit_Java\Maven\Repository\org\apache\tomcat\embed\tomcat-embed-websocket\9.0.29\tomcat-embed-websocket-9.0.29.jar;D:\DevelopeKit_Java\Maven\Repository\org\springframework\boot\spring-boot-devtools\2.2.2.RELEASE\spring-boot-devtools-2.2.2.RELEASE.jar;D:\DevelopeKit_Java\Maven\Repository\org\springframework\boot\spring-boot\2.2.2.RELEASE\spring-boot-2.2.2.RELEASE.jar;D:\DevelopeKit_Java\Maven\Repository\org\springframework\boot\spring-boot-autoconfigure\2.2.2.RELEASE\spring-boot-autoconfigure-2.2.2.RELEASE.jar;D:\DevelopeKit_Java\Maven\Repository\mysql\mysql-connector-java\8.0.18\mysql-connector-java-8.0.18.jar;D:\DevelopeKit_Java\Maven\Repository\org\springframework\boot\spring-boot-configuration-processor\2.2.2.RELEASE\spring-boot-configuration-processor-2.2.2.RELEASE.jar;D:\DevelopeKit_Java\Maven\Repository\org\springframework\boot\spring-boot-starter-test\2.2.2.RELEASE\spring-boot-starter-test-2.2.2.RELEASE.jar;D:\DevelopeKit_Java\Maven\Repository\org\springframework\boot\spring-boot-test\2.2.2.RELEASE\spring-boot-test-2.2.2.RELEASE.jar;D:\DevelopeKit_Java\Maven\Repository\org\springframework\boot\spring-boot-test-autoconfigure\2.2.2.RELEASE\spring-boot-test-autoconfigure-2.2.2.RELEASE.jar;D:\DevelopeKit_Java\Maven\Repository\com\jayway\jsonpath\json-path\2.4.0\json-path-2.4.0.jar;D:\DevelopeKit_Java\Maven\Repository\net\minidev\json-smart\2.3\json-smart-2.3.jar;D:\DevelopeKit_Java\Maven\Repository\net\minidev\accessors-smart\1.2\accessors-smart-1.2.jar;D:\DevelopeKit_Java\Maven\Repository\org\ow2\asm\asm\5.0.4\asm-5.0.4.jar;D:\DevelopeKit_Java\Maven\Repository\jakarta\xml\bind\jakarta.xml.bind-api\2.3.2\jakarta.xml.bind-api-2.3.2.jar;D:\DevelopeKit_Java\Maven\Repository\org\junit\jupiter\junit-jupiter\5.5.2\junit-jupiter-5.5.2.jar;D:\DevelopeKit_Java\Maven\Repository\org\junit\jupiter\junit-jupiter-api\5.5.2\junit-jupiter-api-5.5.2.jar;D:\DevelopeKit_Java\Maven\Repository\org\apiguardian\apiguardian-api\1.1.0\apiguardian-api-1.1.0.jar;D:\DevelopeKit_Java\Maven\Repository\org\opentest4j\opentest4j\1.2.0\opentest4j-1.2.0.jar;D:\DevelopeKit_Java\Maven\Repository\org\junit\platform\junit-platform-commons\1.5.2\junit-platform-commons-1.5.2.jar;D:\DevelopeKit_Java\Maven\Repository\org\junit\jupiter\junit-jupiter-params\5.5.2\junit-jupiter-params-5.5.2.jar;D:\DevelopeKit_Java\Maven\Repository\org\junit\jupiter\junit-jupiter-engine\5.5.2\junit-jupiter-engine-5.5.2.jar;D:\DevelopeKit_Java\Maven\Repository\org\junit\platform\junit-platform-engine\1.5.2\junit-platform-engine-1.5.2.jar;D:\DevelopeKit_Java\Maven\Repository\org\mockito\mockito-junit-jupiter\3.1.0\mockito-junit-jupiter-3.1.0.jar;D:\DevelopeKit_Java\Maven\Repository\org\assertj\assertj-core\3.13.2\assertj-core-3.13.2.jar;D:\DevelopeKit_Java\Maven\Repository\org\hamcrest\hamcrest\2.1\hamcrest-2.1.jar;D:\DevelopeKit_Java\Maven\Repository\org\mockito\mockito-core\3.1.0\mockito-core-3.1.0.jar;D:\DevelopeKit_Java\Maven\Repository\net\bytebuddy\byte-buddy-agent\1.10.4\byte-buddy-agent-1.10.4.jar;D:\DevelopeKit_Java\Maven\Repository\org\objenesis\objenesis\2.6\objenesis-2.6.jar;D:\DevelopeKit_Java\Maven\Repository\org\skyscreamer\jsonassert\1.5.0\jsonassert-1.5.0.jar;D:\DevelopeKit_Java\Maven\Repository\com\vaadin\external\google\android-json\0.0.20131108.vaadin1\android-json-0.0.20131108.vaadin1.jar;D:\DevelopeKit_Java\Maven\Repository\org\springframework\spring-core\5.2.2.RELEASE\spring-core-5.2.2.RELEASE.jar;D:\DevelopeKit_Java\Maven\Repository\org\springframework\spring-jcl\5.2.2.RELEASE\spring-jcl-5.2.2.RELEASE.jar;D:\DevelopeKit_Java\Maven\Repository\org\springframework\spring-test\5.2.2.RELEASE\spring-test-5.2.2.RELEASE.jar;D:\DevelopeKit_Java\Maven\Repository\org\xmlunit\xmlunit-core\2.6.3\xmlunit-core-2.6.3.jar;D:\DevelopeKit_Java\Maven\Repository\com\atlassian\commonmark\commonmark\0.14.0\commonmark-0.14.0.jar;D:\DevelopeKit_Java\Maven\Repository\com\atlassian\commonmark\commonmark-ext-heading-anchor\0.14.0\commonmark-ext-heading-anchor-0.14.0.jar;D:\DevelopeKit_Java\Maven\Repository\com\atlassian\commonmark\commonmark-ext-gfm-tables\0.14.0\commonmark-ext-gfm-tables-0.14.0.jar;"/>
    <property name="sun.cpu.endian" value="little"/>
    <property name="user.home" value="C:\Users\Watermelon"/>
    <property name="user.language" value="zh"/>
    <property name="java.specification.vendor" value="Oracle Corporation"/>
    <property name="java.home" value="C:\Program Files\Java\jdk1.8.0_231\jre"/>
    <property name="basedir" value="D:\Programs\MyBlog\myblog"/>
    <property name="file.separator" value="\"/>
    <property name="line.separator" value="&#10;"/>
    <property name="java.vm.specification.vendor" value="Oracle Corporation"/>
    <property name="java.specification.name" value="Java Platform API Specification"/>
    <property name="java.awt.graphicsenv" value="sun.awt.Win32GraphicsEnvironment"/>
    <property name="surefire.real.class.path" value="C:\Users\WATERM~1\AppData\Local\Temp\surefire7273722324420036152\surefirebooter5845843619555485181.jar"/>
    <property name="sun.boot.class.path" value="C:\Program Files\Java\jdk1.8.0_231\jre\lib\resources.jar;C:\Program Files\Java\jdk1.8.0_231\jre\lib\rt.jar;C:\Program Files\Java\jdk1.8.0_231\jre\lib\sunrsasign.jar;C:\Program Files\Java\jdk1.8.0_231\jre\lib\jsse.jar;C:\Program Files\Java\jdk1.8.0_231\jre\lib\jce.jar;C:\Program Files\Java\jdk1.8.0_231\jre\lib\charsets.jar;C:\Program Files\Java\jdk1.8.0_231\jre\lib\jfr.jar;C:\Program Files\Java\jdk1.8.0_231\jre\classes"/>
    <property name="user.script" value=""/>
    <property name="sun.management.compiler" value="HotSpot 64-Bit Tiered Compilers"/>
    <property name="java.runtime.version" value="1.8.0_231-b11"/>
    <property name="user.name" value="Watermelon"/>
    <property name="path.separator" value=";"/>
    <property name="os.version" value="10.0"/>
    <property name="java.endorsed.dirs" value="C:\Program Files\Java\jdk1.8.0_231\jre\lib\endorsed"/>
    <property name="java.runtime.name" value="Java(TM) SE Runtime Environment"/>
    <property name="file.encoding" value="GBK"/>
    <property name="java.vm.name" value="Java HotSpot(TM) 64-Bit Server VM"/>
    <property name="localRepository" value="D:\DevelopeKit_Java\Maven\Repository"/>
    <property name="java.vendor.url.bug" value="http://bugreport.sun.com/bugreport/"/>
    <property name="java.io.tmpdir" value="C:\Users\WATERM~1\AppData\Local\Temp\"/>
    <property name="java.version" value="1.8.0_231"/>
    <property name="user.dir" value="D:\Programs\MyBlog\myblog"/>
    <property name="os.arch" value="amd64"/>
    <property name="java.vm.specification.name" value="Java Virtual Machine Specification"/>
    <property name="java.awt.printerjob" value="sun.awt.windows.WPrinterJob"/>
    <property name="idea.version2019.3.1" value="true"/>
    <property name="sun.os.patch.level" value=""/>
    <property name="java.library.path" value="C:\Program Files\Java\jdk1.8.0_231\jre\bin;C:\Windows\Sun\Java\bin;C:\Windows\system32;C:\Windows;C:\Python27\;C:\Python27\Scripts;C:\Program Files (x86)\Common Files\Oracle\Java\javapath;C:\Windows\system32;C:\Windows;C:\Windows\System32\Wbem;C:\Windows\System32\WindowsPowerShell\v1.0\;C:\Windows\System32\OpenSSH\;D:\DevelopeKit_Java\Tomcat\apache-tomcat-8.5.47-windows-x64\apache-tomcat-8.5.47\lib;D:\DevelopeKit_Java\Tomcat\apache-tomcat-8.5.47-windows-x64\apache-tomcat-8.5.47\bin;C:\Program Files\Java\jdk1.8.0_231\bin;C:\Program Files\Java\jdk1.8.0_231\jre\bin;D:\DevelopeKit_GIT\Git\cmd;D:\DevelopeKit_Java\Maven\apache-maven-3.6.2-bin\apache-maven-3.6.2\bin;D:\DevelopeKit_MySQL\mysql-8.0.18-winx64\mysql-8.0.18-winx64\bin;C:\Program Files\nodejs\;C:\ProgramData\chocolatey\bin;C:\Users\Watermelon\AppData\Local\Microsoft\WindowsApps;;D:\工具软件\Microsoft VS Code\bin;C:\Users\Watermelon\AppData\Roaming\npm;."/>
    <property name="java.vm.info" value="mixed mode"/>
    <property name="java.vendor" value="Oracle Corporation"/>
    <property name="java.vm.version" value="25.231-b11"/>
    <property name="java.ext.dirs" value="C:\Program Files\Java\jdk1.8.0_231\jre\lib\ext;C:\Windows\Sun\Java\lib\ext"/>
    <property name="sun.io.unicode.encoding" value="UnicodeLittle"/>
    <property name="maven.repo.local" value="D:\DevelopeKit_Java\Maven\Repository"/>
    <property name="java.class.version" value="52.0"/>
  </properties>
  <testcase name="contextLoads" classname="com.watermelon.myblog.MyblogApplicationTests" time="0.131"/>
</testsuite>